c:\dev\devprojects\sdl_tetris\tetris\tetris\x64\debug\vc143.pdb
c:\dev\devprojects\sdl_tetris\tetris\tetris\x64\debug\vc143.idb
c:\dev\devprojects\sdl_tetris\tetris\tetris\x64\debug\log.obj
c:\dev\devprojects\sdl_tetris\tetris\tetris\x64\debug\main.obj
c:\dev\devprojects\sdl_tetris\tetris\tetris\x64\debug\game.obj
c:\dev\devprojects\sdl_tetris\tetris\tetris\x64\debug\drawableunit.obj
c:\dev\devprojects\sdl_tetris\tetris\tetris\x64\debug\drawable.obj
c:\dev\devprojects\sdl_tetris\tetris\tetris\x64\debug\tetris.ilk
c:\dev\devprojects\sdl_tetris\tetris\x64\debug\tetris.pdb
c:\dev\devprojects\sdl_tetris\tetris\tetris\x64\debug\tetris.tlog\cl.command.1.tlog
c:\dev\devprojects\sdl_tetris\tetris\tetris\x64\debug\tetris.tlog\cl.items.tlog
c:\dev\devprojects\sdl_tetris\tetris\tetris\x64\debug\tetris.tlog\cl.read.1.tlog
c:\dev\devprojects\sdl_tetris\tetris\tetris\x64\debug\tetris.tlog\cl.write.1.tlog
c:\dev\devprojects\sdl_tetris\tetris\tetris\x64\debug\tetris.tlog\link-cvtres.read.1.tlog
c:\dev\devprojects\sdl_tetris\tetris\tetris\x64\debug\tetris.tlog\link-cvtres.write.1.tlog
c:\dev\devprojects\sdl_tetris\tetris\tetris\x64\debug\tetris.tlog\link-rc.read.1.tlog
c:\dev\devprojects\sdl_tetris\tetris\tetris\x64\debug\tetris.tlog\link-rc.write.1.tlog
c:\dev\devprojects\sdl_tetris\tetris\tetris\x64\debug\tetris.tlog\link.44296.read.1.tlog
c:\dev\devprojects\sdl_tetris\tetris\tetris\x64\debug\tetris.tlog\link.44296.write.1.tlog
c:\dev\devprojects\sdl_tetris\tetris\tetris\x64\debug\tetris.tlog\link.command.1.tlog
c:\dev\devprojects\sdl_tetris\tetris\tetris\x64\debug\tetris.tlog\link.read.1.tlog
c:\dev\devprojects\sdl_tetris\tetris\tetris\x64\debug\tetris.tlog\link.read.2.tlog
c:\dev\devprojects\sdl_tetris\tetris\tetris\x64\debug\tetris.tlog\link.read.3.tlog
c:\dev\devprojects\sdl_tetris\tetris\tetris\x64\debug\tetris.tlog\link.read.4.tlog
c:\dev\devprojects\sdl_tetris\tetris\tetris\x64\debug\tetris.tlog\link.read.5.tlog
c:\dev\devprojects\sdl_tetris\tetris\tetris\x64\debug\tetris.tlog\link.secondary.1.tlog
c:\dev\devprojects\sdl_tetris\tetris\tetris\x64\debug\tetris.tlog\link.write.1.tlog
